<?xml version="1.0" encoding="UTF-8"?>
<!-- Generated by org.testng.reporters.JUnitXMLReporter -->
<testsuite ignored="16" hostname="LAPTOP-IP00DK1I" failures="2" tests="45" name="Test" time="510.425" errors="0" timestamp="2025-04-02T20:28:09 IST">
  <testcase classname="test.TC_001Resgistration" name="userRegistration" time="23.914"/>
  <testcase classname="test.TC_001Resgistration" name="userRegistration" time="31.83">
    <failure type="org.openqa.selenium.TimeoutException" message="Expected condition failed: waiting for visibility of [[ChromeDriver: chrome on windows (c8678d4d1c6fa5ae437ba5e1bd5a95b2)] -&amp;gt; id: email_add_span] (tried for 30 second(s) with 5000 milliseconds interval)
Build info: version: &amp;apos;4.28.0&amp;apos;, revision: &amp;apos;ac342546e9&amp;apos;
System info: os.name: &amp;apos;Windows 11&amp;apos;, os.arch: &amp;apos;amd64&amp;apos;, os.version: &amp;apos;10.0&amp;apos;, java.version: &amp;apos;21.0.5&amp;apos;
Driver info: driver.version: unknown">
      <![CDATA[org.openqa.selenium.TimeoutException: Expected condition failed: waiting for visibility of [[ChromeDriver: chrome on windows (c8678d4d1c6fa5ae437ba5e1bd5a95b2)] -> id: email_add_span] (tried for 30 second(s) with 5000 milliseconds interval)
Build info: version: '4.28.0', revision: 'ac342546e9'
System info: os.name: 'Windows 11', os.arch: 'amd64', os.version: '10.0', java.version: '21.0.5'
Driver info: driver.version: unknown
at org.openqa.selenium.support.ui.FluentWait.timeoutException(FluentWait.java:265)
at org.openqa.selenium.support.ui.FluentWait.until(FluentWait.java:228)
at utils.Handling.fluentWait(Handling.java:42)
at page.ValidateRegister.validateRegister(ValidateRegister.java:57)
at test.TC_001Resgistration.userRegistration(TC_001Resgistration.java:32)
at java.base/java.util.ArrayList.forEach(ArrayList.java:1596)
... Removed 25 stack frames]]>
    </failure>
  </testcase> <!-- userRegistration -->
  <testcase classname="test.TC_001Resgistration" name="userRegistration" time="1.439"/>
  <testcase classname="test.TC_001Resgistration" name="userRegistration" time="1.639"/>
  <testcase classname="test.TC_001Resgistration" name="userRegistration" time="1.717"/>
  <testcase classname="test.TC_001Resgistration" name="userRegistration" time="1.774"/>
  <testcase classname="test.TC_001Resgistration" name="userRegistration" time="1.59"/>
  <testcase classname="test.TC_001Resgistration" name="userRegistration" time="2.025"/>
  <testcase classname="test.TC_001Resgistration" name="userRegistration" time="1.941"/>
  <testcase classname="test.TC_001Resgistration" name="userRegistration" time="1.477"/>
  <testcase classname="test.TC_001Resgistration" name="userRegistration" time="1.864"/>
  <testcase classname="test.TC_001Resgistration" name="userRegistration" time="11.894"/>
  <testcase classname="test.TC_001Resgistration" name="userRegistration" time="1.717"/>
  <testcase classname="test.TC_001Resgistration" name="userRegistration" time="21.838"/>
  <testcase classname="test.TC_002ResetData" name="userRegistration" time="1.472"/>
  <testcase classname="test.TC_003Login" name="userRegistration" time="0.879"/>
  <testcase classname="test.TC_003Login" name="userRegistration" time="0.456"/>
  <testcase classname="test.TC_003Login" name="userRegistration" time="0.263"/>
  <testcase classname="test.TC_003Login" name="userRegistration" time="0.881"/>
  <testcase classname="test.TC_003Login" name="userRegistration" time="0.376"/>
  <testcase classname="test.TC_003Login" name="userRegistration" time="0.534"/>
  <testcase classname="test.TC_005SearchHotel" name="SeachHotelTest" time="2.653"/>
  <testcase classname="test.TC_005SearchHotel" name="SeachHotelTest" time="4.603"/>
  <testcase classname="test.TC_005SearchHotel" name="SeachHotelTest" time="3.541"/>
  <testcase classname="test.TC_005SearchHotel" name="SeachHotelTest" time="2.3"/>
  <testcase classname="test.TC_005SearchHotel" name="SeachHotelTest" time="2.265"/>
  <testcase classname="test.TC_005SearchHotel" name="SeachHotelTest" time="2.707"/>
  <testcase classname="test.TC_005SearchHotel" name="SeachHotelTest" time="1.884"/>
  <testcase classname="test.TC_005SearchHotel" name="SeachHotelTest" time="4.236"/>
  <testcase classname="test.TC_005SearchHotel" name="SeachHotelTest" time="3.756"/>
  <testcase classname="test.TC_006BookingHotel" name="booking" time="6.392"/>
  <testcase classname="test.TC_006BookingHotel" name="booking" time="5.494"/>
  <testcase classname="test.TC_006BookingHotel" name="booking" time="5.41"/>
  <testcase classname="test.TC_006BookingHotel" name="booking" time="5.183"/>
  <testcase classname="test.TC_006BookingHotel" name="booking" time="4.038"/>
  <testcase classname="test.TC_006BookingHotel" name="booking" time="7.053"/>
  <testcase classname="test.TC_006BookingHotel" name="booking" time="3.788"/>
  <testcase classname="test.TC_006BookingHotel" name="booking" time="9.627"/>
  <testcase classname="test.TC_007BookItinerary" name="booking" time="78.646"/>
  <testcase classname="test.TC_008Changepassword" name="change_PasswordTest" time="2.184"/>
  <testcase classname="test.TC_008Changepassword" name="change_PasswordTest" time="34.539">
    <failure type="org.openqa.selenium.TimeoutException" message="Expected condition failed: waiting for visibility of Proxy element for: DefaultElementLocator &amp;apos;By.xpath: //span[text()=&amp;apos;Your Password is successfully updated!!!&amp;apos;]&amp;apos; (tried for 20 second(s) with 500 milliseconds interval)">
      <![CDATA[org.openqa.selenium.TimeoutException: Expected condition failed: waiting for visibility of Proxy element for: DefaultElementLocator 'By.xpath: //span[text()='Your Password is successfully updated!!!']' (tried for 20 second(s) with 500 milliseconds interval)
at org.openqa.selenium.support.ui.WebDriverWait.timeoutException(WebDriverWait.java:84)
at org.openqa.selenium.support.ui.FluentWait.until(FluentWait.java:228)
at utils.Handling.explicitWait(Handling.java:19)
at page.ChangePasswordPage.validate_chanepassword(ChangePasswordPage.java:73)
at test.TC_008Changepassword.change_PasswordTest(TC_008Changepassword.java:38)
at java.base/java.util.ArrayList.forEach(ArrayList.java:1596)
Caused by: org.openqa.selenium.NoSuchElementException: no such element: Unable to locate element: {"method":"xpath","selector":"//span[text()='Your Password is successfully updated!!!']"}
  (Session info: chrome=134.0.6998.179)
For documentation on this error, please visit: https://www.selenium.dev/documentation/webdriver/troubleshooting/errors#no-such-element-exception
Build info: version: '4.28.0', revision: 'ac342546e9'
System info: os.name: 'Windows 11', os.arch: 'amd64', os.version: '10.0', java.version: '21.0.5'
Driver info: org.openqa.selenium.chrome.ChromeDriver
Command: [3b18f807fa8c1a53f60b7138a8729dd4, findElement {using=xpath, value=//span[text()='Your Password is successfully updated!!!']}]
Capabilities {acceptInsecureCerts: false, browserName: chrome, browserVersion: 134.0.6998.179, chrome: {chromedriverVersion: 134.0.6998.165 (fd886e2cb29..., userDataDir: C:\Users\srije\AppData\Loca...}, fedcm:accounts: true, goog:chromeOptions: {debuggerAddress: localhost:62108}, networkConnectionEnabled: false, pageLoadStrategy: normal, platformName: windows, proxy: Proxy(), se:cdp: ws://localhost:62108/devtoo..., se:cdpVersion: 134.0.6998.179, setWindowRect: true, strictFileInteractability: false, timeouts: {implicit: 0, pageLoad: 300000, script: 30000}, unhandledPromptBehavior: dismiss and notify, webauthn:extension:credBlob: true, webauthn:extension:largeBlob: true, webauthn:extension:minPinLength: true, webauthn:extension:prf: true, webauthn:virtualAuthenticators: true}
Session ID: 3b18f807fa8c1a53f60b7138a8729dd4
at org.openqa.selenium.remote.ErrorCodec.decode(ErrorCodec.java:167)
at org.openqa.selenium.remote.codec.w3c.W3CHttpResponseCodec.decode(W3CHttpResponseCodec.java:138)
at org.openqa.selenium.remote.codec.w3c.W3CHttpResponseCodec.decode(W3CHttpResponseCodec.java:50)
at org.openqa.selenium.remote.HttpCommandExecutor.execute(HttpCommandExecutor.java:215)
at org.openqa.selenium.remote.service.DriverCommandExecutor.invokeExecute(DriverCommandExecutor.java:216)
at org.openqa.selenium.remote.service.DriverCommandExecutor.execute(DriverCommandExecutor.java:174)
at org.openqa.selenium.remote.RemoteWebDriver.execute(RemoteWebDriver.java:545)
at org.openqa.selenium.remote.ElementLocation$ElementFinder$2.findElement(ElementLocation.java:165)
at org.openqa.selenium.remote.ElementLocation.findElement(ElementLocation.java:59)
at org.openqa.selenium.remote.RemoteWebDriver.findElement(RemoteWebDriver.java:368)
at org.openqa.selenium.remote.RemoteWebDriver.findElement(RemoteWebDriver.java:362)
at org.openqa.selenium.support.pagefactory.DefaultElementLocator.findElement(DefaultElementLocator.java:68)
at org.openqa.selenium.support.pagefactory.internal.LocatingElementHandler.invoke(LocatingElementHandler.java:38)
at jdk.proxy2/jdk.proxy2.$Proxy19.isDisplayed(Unknown Source)
at org.openqa.selenium.support.ui.ExpectedConditions.elementIfVisible(ExpectedConditions.java:304)
at org.openqa.selenium.support.ui.ExpectedConditions$10.apply(ExpectedConditions.java:290)
at org.openqa.selenium.support.ui.ExpectedConditions$10.apply(ExpectedConditions.java:287)
at org.openqa.selenium.support.ui.FluentWait.until(FluentWait.java:203)
... 29 more
... Removed 28 stack frames]]>
    </failure>
  </testcase> <!-- change_PasswordTest -->
  <testcase classname="test.TC_009Logout" name="LOGOUT_test" time="1.375"/>
  <testcase classname="test.TC_004ForgotPassword" name="ForgotpasswordTest" time="9.404"/>
  <testcase classname="test.TC_004ForgotPassword" name="ForgotpasswordTest" time="2.174"/>
  <testcase classname="test.TC_004ForgotPassword" name="ForgotpasswordTest" time="8.008"/>
  <testcase classname="base.ProjectSpecification" name="@BeforeSuite reportIniatialization" time="0.0">
    <ignored/>
  </testcase> <!-- @BeforeSuite reportIniatialization -->
  <testcase classname="base.ProjectSpecification" name="@AfterSuite reportClose" time="0.0">
    <ignored/>
  </testcase> <!-- @AfterSuite reportClose -->
  <testcase classname="base.ProjectSpecification" name="@AfterSuite reportClose" time="0.0">
    <ignored/>
  </testcase> <!-- @AfterSuite reportClose -->
  <testcase classname="base.ProjectSpecification" name="@AfterSuite reportClose" time="0.0">
    <ignored/>
  </testcase> <!-- @AfterSuite reportClose -->
  <testcase classname="base.ProjectSpecification" name="@BeforeSuite reportIniatialization" time="0.0">
    <ignored/>
  </testcase> <!-- @BeforeSuite reportIniatialization -->
  <testcase classname="base.ProjectSpecification" name="@BeforeSuite reportIniatialization" time="0.0">
    <ignored/>
  </testcase> <!-- @BeforeSuite reportIniatialization -->
  <testcase classname="base.ProjectSpecification" name="@BeforeSuite reportIniatialization" time="0.0">
    <ignored/>
  </testcase> <!-- @BeforeSuite reportIniatialization -->
  <testcase classname="base.ProjectSpecification" name="@AfterSuite reportClose" time="0.0">
    <ignored/>
  </testcase> <!-- @AfterSuite reportClose -->
  <testcase classname="base.ProjectSpecification" name="@AfterSuite reportClose" time="0.0">
    <ignored/>
  </testcase> <!-- @AfterSuite reportClose -->
  <testcase classname="base.ProjectSpecification" name="@AfterSuite reportClose" time="0.0">
    <ignored/>
  </testcase> <!-- @AfterSuite reportClose -->
  <testcase classname="base.ProjectSpecification" name="@BeforeSuite reportIniatialization" time="0.0">
    <ignored/>
  </testcase> <!-- @BeforeSuite reportIniatialization -->
  <testcase classname="base.ProjectSpecification" name="@AfterSuite reportClose" time="0.0">
    <ignored/>
  </testcase> <!-- @AfterSuite reportClose -->
  <testcase classname="base.ProjectSpecification" name="@BeforeSuite reportIniatialization" time="0.0">
    <ignored/>
  </testcase> <!-- @BeforeSuite reportIniatialization -->
  <testcase classname="base.ProjectSpecification" name="@BeforeSuite reportIniatialization" time="0.0">
    <ignored/>
  </testcase> <!-- @BeforeSuite reportIniatialization -->
  <testcase classname="base.ProjectSpecification" name="@BeforeSuite reportIniatialization" time="0.0">
    <ignored/>
  </testcase> <!-- @BeforeSuite reportIniatialization -->
  <testcase classname="base.ProjectSpecification" name="@AfterSuite reportClose" time="0.0">
    <ignored/>
  </testcase> <!-- @AfterSuite reportClose -->
</testsuite> <!-- Test -->
