<html>
<head>
<title>TestNG:  Test</title>
<link href="../testng.css" rel="stylesheet" type="text/css" />
<link href="../my-testng.css" rel="stylesheet" type="text/css" />

<style type="text/css">
.log { display: none;} 
.stack-trace { display: none;} 
</style>
<script type="text/javascript">
<!--
function flip(e) {
  current = e.style.display;
  if (current == 'block') {
    e.style.display = 'none';
    return 0;
  }
  else {
    e.style.display = 'block';
    return 1;
  }
}

function toggleBox(szDivId, elem, msg1, msg2)
{
  var res = -1;  if (document.getElementById) {
    res = flip(document.getElementById(szDivId));
  }
  else if (document.all) {
    // this is the way old msie versions work
    res = flip(document.all[szDivId]);
  }
  if(elem) {
    if(res == 0) elem.innerHTML = msg1; else elem.innerHTML = msg2;
  }

}

function toggleAllBoxes() {
  if (document.getElementsByTagName) {
    d = document.getElementsByTagName('div');
    for (i = 0; i < d.length; i++) {
      if (d[i].className == 'log') {
        flip(d[i]);
      }
    }
  }
}

// -->
</script>

</head>
<body>
<h2 align='center'>Test</h2><table border='1' align="center">
<tr>
<td>Tests passed/Failed/Skipped:</td><td>43/2/0</td>
</tr><tr>
<td>Started on:</td><td>Wed Apr 02 20:19:38 IST 2025</td>
</tr>
<tr><td>Total time:</td><td>510 seconds (510425 ms)</td>
</tr><tr>
<td>Included groups:</td><td></td>
</tr><tr>
<td>Excluded groups:</td><td></td>
</tr>
</table><p/>
<small><i>(Hover the method name to see the test class name)</i></small><p/>
<table width='100%' border='1' class='invocation-failed'>
<tr><td colspan='4' align='center'><b>FAILED TESTS</b></td></tr>
<tr><td><b>Test method</b></td>
<td><b>Attribute(s)</b></td>
<td width="30%"><b>Exception</b></td>
<td width="10%"><b>Time (seconds)</b></td>
<td><b>Instance</b></td>
</tr>
<tr>
<td title='test.TC_001Resgistration.userRegistration()'><b>userRegistration</b><br>Test class: test.TC_001Resgistration<br>Parameters: Nandhini, nandh#123, nandh#123, Nandhini, sri.jeya32@kmail.com, existing  mailid, Email address is already in use</td>
<td><div><pre>org.openqa.selenium.TimeoutException: Expected condition failed: waiting for visibility of [[ChromeDriver: chrome on windows (c8678d4d1c6fa5ae437ba5e1bd5a95b2)] -&gt; id: email_add_span] (tried for 30 second(s) with 5000 milliseconds interval)
Build info: version: &apos;4.28.0&apos;, revision: &apos;ac342546e9&apos;
System info: os.name: &apos;Windows 11&apos;, os.arch: &apos;amd64&apos;, os.version: &apos;10.0&apos;, java.version: &apos;21.0.5&apos;
Driver info: driver.version: unknown
	at org.openqa.selenium.support.ui.FluentWait.timeoutException(FluentWait.java:265)
	at org.openqa.selenium.support.ui.FluentWait.until(FluentWait.java:228)
	at utils.Handling.fluentWait(Handling.java:42)
	at page.ValidateRegister.validateRegister(ValidateRegister.java:57)
	at test.TC_001Resgistration.userRegistration(TC_001Resgistration.java:32)
	at java.base/java.util.ArrayList.forEach(ArrayList.java:1596)
... Removed 25 stack frames</pre></div><a href='#' onClick='toggleBox("stack-trace934617920", this, "Click to show all stack frames", "Click to hide stack frames")'>Click to show all stack frames</a>
<div class='stack-trace' id='stack-trace934617920'><pre>org.openqa.selenium.TimeoutException: Expected condition failed: waiting for visibility of [[ChromeDriver: chrome on windows (c8678d4d1c6fa5ae437ba5e1bd5a95b2)] -&gt; id: email_add_span] (tried for 30 second(s) with 5000 milliseconds interval)
Build info: version: &apos;4.28.0&apos;, revision: &apos;ac342546e9&apos;
System info: os.name: &apos;Windows 11&apos;, os.arch: &apos;amd64&apos;, os.version: &apos;10.0&apos;, java.version: &apos;21.0.5&apos;
Driver info: driver.version: unknown
	at org.openqa.selenium.support.ui.FluentWait.timeoutException(FluentWait.java:265)
	at org.openqa.selenium.support.ui.FluentWait.until(FluentWait.java:228)
	at utils.Handling.fluentWait(Handling.java:42)
	at page.ValidateRegister.validateRegister(ValidateRegister.java:57)
	at test.TC_001Resgistration.userRegistration(TC_001Resgistration.java:32)
	at java.base/jdk.internal.reflect.DirectMethodHandleAccessor.invoke(DirectMethodHandleAccessor.java:103)
	at java.base/java.lang.reflect.Method.invoke(Method.java:580)
	at org.testng.internal.invokers.MethodInvocationHelper.invokeMethod(MethodInvocationHelper.java:139)
	at org.testng.internal.invokers.TestInvoker.invokeMethod(TestInvoker.java:664)
	at org.testng.internal.invokers.TestInvoker.invokeTestMethod(TestInvoker.java:227)
	at org.testng.internal.invokers.MethodRunner.runInSequence(MethodRunner.java:50)
	at org.testng.internal.invokers.TestInvoker$MethodInvocationAgent.invoke(TestInvoker.java:957)
	at org.testng.internal.invokers.TestInvoker.invokeTestMethods(TestInvoker.java:200)
	at org.testng.internal.invokers.TestMethodWorker.invokeTestMethods(TestMethodWorker.java:148)
	at org.testng.internal.invokers.TestMethodWorker.run(TestMethodWorker.java:128)
	at java.base/java.util.ArrayList.forEach(ArrayList.java:1596)
	at org.testng.TestRunner.privateRun(TestRunner.java:848)
	at org.testng.TestRunner.run(TestRunner.java:621)
	at org.testng.SuiteRunner.runTest(SuiteRunner.java:443)
	at org.testng.SuiteRunner.runSequentially(SuiteRunner.java:437)
	at org.testng.SuiteRunner.privateRun(SuiteRunner.java:397)
	at org.testng.SuiteRunner.run(SuiteRunner.java:336)
	at org.testng.SuiteRunnerWorker.runSuite(SuiteRunnerWorker.java:52)
	at org.testng.SuiteRunnerWorker.run(SuiteRunnerWorker.java:95)
	at org.testng.TestNG.runSuitesSequentially(TestNG.java:1280)
	at org.testng.TestNG.runSuitesLocally(TestNG.java:1200)
	at org.testng.TestNG.runSuites(TestNG.java:1114)
	at org.testng.TestNG.run(TestNG.java:1082)
	at org.testng.remote.AbstractRemoteTestNG.run(AbstractRemoteTestNG.java:115)
	at org.testng.remote.RemoteTestNG.initAndRun(RemoteTestNG.java:293)
	at org.testng.remote.RemoteTestNG.main(RemoteTestNG.java:91)
</pre></div></td>
<td>31</td>
<td>test.TC_001Resgistration@fa4c865</td></tr>
<tr>
<td title='test.TC_008Changepassword.change_PasswordTest()'><b>change_PasswordTest</b><br>Test class: test.TC_008Changepassword<br>Parameters: vihan123, vihan, vihan, valid data, Your Password is successfully updated!!!</td>
<td><div><pre>org.openqa.selenium.TimeoutException: Expected condition failed: waiting for visibility of Proxy element for: DefaultElementLocator &apos;By.xpath: //span[text()=&apos;Your Password is successfully updated!!!&apos;]&apos; (tried for 20 second(s) with 500 milliseconds interval)
	at org.openqa.selenium.support.ui.WebDriverWait.timeoutException(WebDriverWait.java:84)
	at org.openqa.selenium.support.ui.FluentWait.until(FluentWait.java:228)
	at utils.Handling.explicitWait(Handling.java:19)
	at page.ChangePasswordPage.validate_chanepassword(ChangePasswordPage.java:73)
	at test.TC_008Changepassword.change_PasswordTest(TC_008Changepassword.java:38)
	at java.base/java.util.ArrayList.forEach(ArrayList.java:1596)
Caused by: org.openqa.selenium.NoSuchElementException: no such element: Unable to locate element: {&quot;method&quot;:&quot;xpath&quot;,&quot;selector&quot;:&quot;//span[text()=&apos;Your Password is successfully updated!!!&apos;]&quot;}
  (Session info: chrome=134.0.6998.179)
For documentation on this error, please visit: https://www.selenium.dev/documentation/webdriver/troubleshooting/errors#no-such-element-exception
Build info: version: &apos;4.28.0&apos;, revision: &apos;ac342546e9&apos;
System info: os.name: &apos;Windows 11&apos;, os.arch: &apos;amd64&apos;, os.version: &apos;10.0&apos;, java.version: &apos;21.0.5&apos;
Driver info: org.openqa.selenium.chrome.ChromeDriver
Command: [3b18f807fa8c1a53f60b7138a8729dd4, findElement {using=xpath, value=//span[text()=&apos;Your Password is successfully updated!!!&apos;]}]
Capabilities {acceptInsecureCerts: false, browserName: chrome, browserVersion: 134.0.6998.179, chrome: {chromedriverVersion: 134.0.6998.165 (fd886e2cb29..., userDataDir: C:\Users\srije\AppData\Loca...}, fedcm:accounts: true, goog:chromeOptions: {debuggerAddress: localhost:62108}, networkConnectionEnabled: false, pageLoadStrategy: normal, platformName: windows, proxy: Proxy(), se:cdp: ws://localhost:62108/devtoo..., se:cdpVersion: 134.0.6998.179, setWindowRect: true, strictFileInteractability: false, timeouts: {implicit: 0, pageLoad: 300000, script: 30000}, unhandledPromptBehavior: dismiss and notify, webauthn:extension:credBlob: true, webauthn:extension:largeBlob: true, webauthn:extension:minPinLength: true, webauthn:extension:prf: true, webauthn:virtualAuthenticators: true}
Session ID: 3b18f807fa8c1a53f60b7138a8729dd4
	at org.openqa.selenium.remote.ErrorCodec.decode(ErrorCodec.java:167)
	at org.openqa.selenium.remote.codec.w3c.W3CHttpResponseCodec.decode(W3CHttpResponseCodec.java:138)
	at org.openqa.selenium.remote.codec.w3c.W3CHttpResponseCodec.decode(W3CHttpResponseCodec.java:50)
	at org.openqa.selenium.remote.HttpCommandExecutor.execute(HttpCommandExecutor.java:215)
	at org.openqa.selenium.remote.service.DriverCommandExecutor.invokeExecute(DriverCommandExecutor.java:216)
	at org.openqa.selenium.remote.service.DriverCommandExecutor.execute(DriverCommandExecutor.java:174)
	at org.openqa.selenium.remote.RemoteWebDriver.execute(RemoteWebDriver.java:545)
	at org.openqa.selenium.remote.ElementLocation$ElementFinder$2.findElement(ElementLocation.java:165)
	at org.openqa.selenium.remote.ElementLocation.findElement(ElementLocation.java:59)
	at org.openqa.selenium.remote.RemoteWebDriver.findElement(RemoteWebDriver.java:368)
	at org.openqa.selenium.remote.RemoteWebDriver.findElement(RemoteWebDriver.java:362)
	at org.openqa.selenium.support.pagefactory.DefaultElementLocator.findElement(DefaultElementLocator.java:68)
	at org.openqa.selenium.support.pagefactory.internal.LocatingElementHandler.invoke(LocatingElementHandler.java:38)
	at jdk.proxy2/jdk.proxy2.$Proxy19.isDisplayed(Unknown Source)
	at org.openqa.selenium.support.ui.ExpectedConditions.elementIfVisible(ExpectedConditions.java:304)
	at org.openqa.selenium.support.ui.ExpectedConditions$10.apply(ExpectedConditions.java:290)
	at org.openqa.selenium.support.ui.ExpectedConditions$10.apply(ExpectedConditions.java:287)
	at org.openqa.selenium.support.ui.FluentWait.until(FluentWait.java:203)
	... 29 more
... Removed 28 stack frames</pre></div><a href='#' onClick='toggleBox("stack-trace419790050", this, "Click to show all stack frames", "Click to hide stack frames")'>Click to show all stack frames</a>
<div class='stack-trace' id='stack-trace419790050'><pre>org.openqa.selenium.TimeoutException: Expected condition failed: waiting for visibility of Proxy element for: DefaultElementLocator &apos;By.xpath: //span[text()=&apos;Your Password is successfully updated!!!&apos;]&apos; (tried for 20 second(s) with 500 milliseconds interval)
	at org.openqa.selenium.support.ui.WebDriverWait.timeoutException(WebDriverWait.java:84)
	at org.openqa.selenium.support.ui.FluentWait.until(FluentWait.java:228)
	at utils.Handling.explicitWait(Handling.java:19)
	at page.ChangePasswordPage.validate_chanepassword(ChangePasswordPage.java:73)
	at test.TC_008Changepassword.change_PasswordTest(TC_008Changepassword.java:38)
	at java.base/jdk.internal.reflect.DirectMethodHandleAccessor.invoke(DirectMethodHandleAccessor.java:103)
	at java.base/java.lang.reflect.Method.invoke(Method.java:580)
	at org.testng.internal.invokers.MethodInvocationHelper.invokeMethod(MethodInvocationHelper.java:139)
	at org.testng.internal.invokers.TestInvoker.invokeMethod(TestInvoker.java:664)
	at org.testng.internal.invokers.TestInvoker.invokeTestMethod(TestInvoker.java:227)
	at org.testng.internal.invokers.MethodRunner.runInSequence(MethodRunner.java:50)
	at org.testng.internal.invokers.TestInvoker$MethodInvocationAgent.invoke(TestInvoker.java:957)
	at org.testng.internal.invokers.TestInvoker.invokeTestMethods(TestInvoker.java:200)
	at org.testng.internal.invokers.TestMethodWorker.invokeTestMethods(TestMethodWorker.java:148)
	at org.testng.internal.invokers.TestMethodWorker.run(TestMethodWorker.java:128)
	at java.base/java.util.ArrayList.forEach(ArrayList.java:1596)
	at org.testng.TestRunner.privateRun(TestRunner.java:848)
	at org.testng.TestRunner.run(TestRunner.java:621)
	at org.testng.SuiteRunner.runTest(SuiteRunner.java:443)
	at org.testng.SuiteRunner.runSequentially(SuiteRunner.java:437)
	at org.testng.SuiteRunner.privateRun(SuiteRunner.java:397)
	at org.testng.SuiteRunner.run(SuiteRunner.java:336)
	at org.testng.SuiteRunnerWorker.runSuite(SuiteRunnerWorker.java:52)
	at org.testng.SuiteRunnerWorker.run(SuiteRunnerWorker.java:95)
	at org.testng.TestNG.runSuitesSequentially(TestNG.java:1280)
	at org.testng.TestNG.runSuitesLocally(TestNG.java:1200)
	at org.testng.TestNG.runSuites(TestNG.java:1114)
	at org.testng.TestNG.run(TestNG.java:1082)
	at org.testng.remote.AbstractRemoteTestNG.run(AbstractRemoteTestNG.java:115)
	at org.testng.remote.RemoteTestNG.initAndRun(RemoteTestNG.java:293)
	at org.testng.remote.RemoteTestNG.main(RemoteTestNG.java:91)
Caused by: org.openqa.selenium.NoSuchElementException: no such element: Unable to locate element: {&quot;method&quot;:&quot;xpath&quot;,&quot;selector&quot;:&quot;//span[text()=&apos;Your Password is successfully updated!!!&apos;]&quot;}
  (Session info: chrome=134.0.6998.179)
For documentation on this error, please visit: https://www.selenium.dev/documentation/webdriver/troubleshooting/errors#no-such-element-exception
Build info: version: &apos;4.28.0&apos;, revision: &apos;ac342546e9&apos;
System info: os.name: &apos;Windows 11&apos;, os.arch: &apos;amd64&apos;, os.version: &apos;10.0&apos;, java.version: &apos;21.0.5&apos;
Driver info: org.openqa.selenium.chrome.ChromeDriver
Command: [3b18f807fa8c1a53f60b7138a8729dd4, findElement {using=xpath, value=//span[text()=&apos;Your Password is successfully updated!!!&apos;]}]
Capabilities {acceptInsecureCerts: false, browserName: chrome, browserVersion: 134.0.6998.179, chrome: {chromedriverVersion: 134.0.6998.165 (fd886e2cb29..., userDataDir: C:\Users\srije\AppData\Loca...}, fedcm:accounts: true, goog:chromeOptions: {debuggerAddress: localhost:62108}, networkConnectionEnabled: false, pageLoadStrategy: normal, platformName: windows, proxy: Proxy(), se:cdp: ws://localhost:62108/devtoo..., se:cdpVersion: 134.0.6998.179, setWindowRect: true, strictFileInteractability: false, timeouts: {implicit: 0, pageLoad: 300000, script: 30000}, unhandledPromptBehavior: dismiss and notify, webauthn:extension:credBlob: true, webauthn:extension:largeBlob: true, webauthn:extension:minPinLength: true, webauthn:extension:prf: true, webauthn:virtualAuthenticators: true}
Session ID: 3b18f807fa8c1a53f60b7138a8729dd4
	at java.base/jdk.internal.reflect.DirectConstructorHandleAccessor.newInstance(DirectConstructorHandleAccessor.java:62)
	at java.base/java.lang.reflect.Constructor.newInstanceWithCaller(Constructor.java:502)
	at java.base/java.lang.reflect.Constructor.newInstance(Constructor.java:486)
	at org.openqa.selenium.remote.ErrorCodec.decode(ErrorCodec.java:167)
	at org.openqa.selenium.remote.codec.w3c.W3CHttpResponseCodec.decode(W3CHttpResponseCodec.java:138)
	at org.openqa.selenium.remote.codec.w3c.W3CHttpResponseCodec.decode(W3CHttpResponseCodec.java:50)
	at org.openqa.selenium.remote.HttpCommandExecutor.execute(HttpCommandExecutor.java:215)
	at org.openqa.selenium.remote.service.DriverCommandExecutor.invokeExecute(DriverCommandExecutor.java:216)
	at org.openqa.selenium.remote.service.DriverCommandExecutor.execute(DriverCommandExecutor.java:174)
	at org.openqa.selenium.remote.RemoteWebDriver.execute(RemoteWebDriver.java:545)
	at org.openqa.selenium.remote.ElementLocation$ElementFinder$2.findElement(ElementLocation.java:165)
	at org.openqa.selenium.remote.ElementLocation.findElement(ElementLocation.java:59)
	at org.openqa.selenium.remote.RemoteWebDriver.findElement(RemoteWebDriver.java:368)
	at org.openqa.selenium.remote.RemoteWebDriver.findElement(RemoteWebDriver.java:362)
	at org.openqa.selenium.support.pagefactory.DefaultElementLocator.findElement(DefaultElementLocator.java:68)
	at org.openqa.selenium.support.pagefactory.internal.LocatingElementHandler.invoke(LocatingElementHandler.java:38)
	at jdk.proxy2/jdk.proxy2.$Proxy19.isDisplayed(Unknown Source)
	at org.openqa.selenium.support.ui.ExpectedConditions.elementIfVisible(ExpectedConditions.java:304)
	at org.openqa.selenium.support.ui.ExpectedConditions$10.apply(ExpectedConditions.java:290)
	at org.openqa.selenium.support.ui.ExpectedConditions$10.apply(ExpectedConditions.java:287)
	at org.openqa.selenium.support.ui.FluentWait.until(FluentWait.java:203)
	... 29 more
</pre></div></td>
<td>34</td>
<td>test.TC_008Changepassword@55b0dcab</td></tr>
</table><p>
<table width='100%' border='1' class='invocation-passed'>
<tr><td colspan='4' align='center'><b>PASSED TESTS</b></td></tr>
<tr><td><b>Test method</b></td>
<td><b>Attribute(s)</b></td>
<td width="30%"><b>Exception</b></td>
<td width="10%"><b>Time (seconds)</b></td>
<td><b>Instance</b></td>
</tr>
<tr>
<td title='test.TC_001Resgistration.userRegistration()'><b>userRegistration</b><br>Test class: test.TC_001Resgistration<br>Parameters: Jeyasrisankar, jeya678, jeya678, Jeyasri, jeyasri@kmail.com, Existing Username, This username is alredy available</td>
<td></td>
<td>11</td>
<td>test.TC_001Resgistration@fa4c865</td></tr>
<tr>
<td title='test.TC_001Resgistration.userRegistration()'><b>userRegistration</b><br>Test class: test.TC_001Resgistration<br>Parameters: Deekshasiva, , deeksha, Deeksha, deeksha@kmail.com, password field is Empty, Password is Empty</td>
<td></td>
<td>1</td>
<td>test.TC_001Resgistration@fa4c865</td></tr>
<tr>
<td title='test.TC_001Resgistration.userRegistration()'><b>userRegistration</b><br>Test class: test.TC_001Resgistration<br>Parameters: GunaSekar, guna123, , Guna, Guna23@kmail.com, Confirm pwd field empty, Confirm Password is Empty</td>
<td></td>
<td>2</td>
<td>test.TC_001Resgistration@fa4c865</td></tr>
<tr>
<td title='test.TC_001Resgistration.userRegistration()'><b>userRegistration</b><br>Test class: test.TC_001Resgistration<br>Parameters: Jeyasriankuna, jeyasri123, jeyasri123, Jeyasri, sri.jeyakl@kmail.com, positive, Click here to login</td>
<td></td>
<td>23</td>
<td>test.TC_001Resgistration@fa4c865</td></tr>
<tr>
<td title='test.TC_001Resgistration.userRegistration()'><b>userRegistration</b><br>Test class: test.TC_001Resgistration<br>Parameters: Jeyasri Sanka, jeya123, jeya123, jeya, jeya336@kmail.com, Not Alpha Numeric, Only Alpha Numeric characters are allowed</td>
<td></td>
<td>21</td>
<td>test.TC_001Resgistration@fa4c865</td></tr>
<tr>
<td title='test.TC_006BookingHotel.booking()'><b>booking</b><br>Test class: test.TC_006BookingHotel<br>Parameters: edvin, jhon, bangalore, 23465, VISA, December, 2028, 678, enter less than 16 digit, Please Enter your 16 Digit Credit Card Number</td>
<td></td>
<td>7</td>
<td>test.TC_006BookingHotel@7bedc48a</td></tr>
<tr>
<td title='test.TC_003Login.userRegistration()'><b>userRegistration</b><br>Test class: test.TC_003Login<br>Parameters: vihansankar, , valid name  empty password field, Enter Password</td>
<td></td>
<td>0</td>
<td>test.TC_003Login@41a2befb</td></tr>
<tr>
<td title='test.TC_001Resgistration.userRegistration()'><b>userRegistration</b><br>Test class: test.TC_001Resgistration<br>Parameters: , , , , , All Field Empty, (Fields marked with Red asterix (*) are mandatory)</td>
<td></td>
<td>1</td>
<td>test.TC_001Resgistration@fa4c865</td></tr>
<tr>
<td title='test.TC_003Login.userRegistration()'><b>userRegistration</b><br>Test class: test.TC_003Login<br>Parameters: vihansankar, viha, valid name invalid password, Invalid Login details or Your Password might have expired. Click here to reset your password</td>
<td></td>
<td>0</td>
<td>test.TC_003Login@41a2befb</td></tr>
<tr>
<td title='test.TC_004ForgotPassword.ForgotpasswordTest()'><b>ForgotpasswordTest</b><br>Test class: test.TC_004ForgotPassword<br>Parameters: , empty email field, Email Address is Empty</td>
<td></td>
<td>2</td>
<td>test.TC_004ForgotPassword@2df3b89c</td></tr>
<tr>
<td title='test.TC_001Resgistration.userRegistration()'><b>userRegistration</b><br>Test class: test.TC_001Resgistration<br>Parameters: Valentina, valent#12, valen, velantena, valentena@kmail.com, mismatch Password, Passwords Do Not Match</td>
<td></td>
<td>1</td>
<td>test.TC_001Resgistration@fa4c865</td></tr>
<tr>
<td title='test.TC_005SearchHotel.SeachHotelTest()'><b>SeachHotelTest</b><br>Test class: test.TC_005SearchHotel<br>Parameters: Sydney, , , 1, 11-04-2025, 09-04-2025, 4, 0, Enter the checkout date befor checkindate, Check-In Date shall be before than Check-Out Date</td>
<td></td>
<td>1</td>
<td>test.TC_005SearchHotel@6c40365c</td></tr>
<tr>
<td title='test.TC_006BookingHotel.booking()'><b>booking</b><br>Test class: test.TC_006BookingHotel<br>Parameters: , sekar, chennai, 9876545678956430, American Express, February, 2029, 2345, Firstname field empty, Please Enter your First Name</td>
<td></td>
<td>5</td>
<td>test.TC_006BookingHotel@7bedc48a</td></tr>
<tr>
<td title='test.TC_003Login.userRegistration()'><b>userRegistration</b><br>Test class: test.TC_003Login<br>Parameters: gukeshvar, gukesh, invalid user name, Invalid Login details or Your Password might have expired. Click here to reset your password</td>
<td></td>
<td>0</td>
<td>test.TC_003Login@41a2befb</td></tr>
<tr>
<td title='test.TC_008Changepassword.change_PasswordTest()'><b>change_PasswordTest</b><br>Test class: test.TC_008Changepassword<br>Parameters: , , , All text field empty, Please enter correct current password!!!</td>
<td></td>
<td>2</td>
<td>test.TC_008Changepassword@55b0dcab</td></tr>
<tr>
<td title='test.TC_006BookingHotel.booking()'><b>booking</b><br>Test class: test.TC_006BookingHotel<br>Parameters: charvi, prem, delhi, 4987347892340980, Master Card, April, 2029, 8201, valid data, Booking Confirmation</td>
<td></td>
<td>9</td>
<td>test.TC_006BookingHotel@7bedc48a</td></tr>
<tr>
<td title='test.TC_001Resgistration.userRegistration()'><b>userRegistration</b><br>Test class: test.TC_001Resgistration<br>Parameters: Penelope, pen, pen, Penelope, penelop@kmail.com, Less Than 6 character, Password must contain minimum 6 characters</td>
<td></td>
<td>1</td>
<td>test.TC_001Resgistration@fa4c865</td></tr>
<tr>
<td title='test.TC_005SearchHotel.SeachHotelTest()'><b>SeachHotelTest</b><br>Test class: test.TC_005SearchHotel<br>Parameters: Melbourne, , , , 21-05-2025, 27-05-2025, 3, 1, Empty number of  rooms field, Please Select Total Number of Rooms</td>
<td></td>
<td>3</td>
<td>test.TC_005SearchHotel@6c40365c</td></tr>
<tr>
<td title='test.TC_001Resgistration.userRegistration()'><b>userRegistration</b><br>Test class: test.TC_001Resgistration<br>Parameters: Rish, Rish_654, Rish_654, Rishikumar, rishikumar@kmail.com, Less Than 8 character, Username must contain minimum 8 characters</td>
<td></td>
<td>1</td>
<td>test.TC_001Resgistration@fa4c865</td></tr>
<tr>
<td title='test.TC_005SearchHotel.SeachHotelTest()'><b>SeachHotelTest</b><br>Test class: test.TC_005SearchHotel<br>Parameters: Los Angeles, , Super Deluxe, 4, 26-05-2025, , 4, 3, Empty checkout field, Please Select Check-Out Date</td>
<td></td>
<td>2</td>
<td>test.TC_005SearchHotel@6c40365c</td></tr>
<tr>
<td title='test.TC_006BookingHotel.booking()'><b>booking</b><br>Test class: test.TC_006BookingHotel<br>Parameters: jeya, sri, kanjipuram, 3864829867429823, American Express, January, 2025, , cvv field empty, Please Enter your Credit Card CVV Number</td>
<td></td>
<td>3</td>
<td>test.TC_006BookingHotel@7bedc48a</td></tr>
<tr>
<td title='test.TC_005SearchHotel.SeachHotelTest()'><b>SeachHotelTest</b><br>Test class: test.TC_005SearchHotel<br>Parameters: , , , , , , , 0, All Field Empty, (Fields marked with Red asterix (*) are mandatory)</td>
<td></td>
<td>2</td>
<td>test.TC_005SearchHotel@6c40365c</td></tr>
<tr>
<td title='test.TC_005SearchHotel.SeachHotelTest()'><b>SeachHotelTest</b><br>Test class: test.TC_005SearchHotel<br>Parameters: Paris, , , 8, 22-05-2025, 21-05-2025, , 4, Empty adult per room field, Please Select Adults per Room</td>
<td></td>
<td>2</td>
<td>test.TC_005SearchHotel@6c40365c</td></tr>
<tr>
<td title='test.TC_001Resgistration.userRegistration()'><b>userRegistration</b><br>Test class: test.TC_001Resgistration<br>Parameters: Premchand, &prem23, &prem123, Prem, , Email field is Empty, Email Address is Empty</td>
<td></td>
<td>1</td>
<td>test.TC_001Resgistration@fa4c865</td></tr>
<tr>
<td title='test.TC_004ForgotPassword.ForgotpasswordTest()'><b>ForgotpasswordTest</b><br>Test class: test.TC_004ForgotPassword<br>Parameters: jeyasrie1991@gmail.com, valid email, Click here to login</td>
<td></td>
<td>8</td>
<td>test.TC_004ForgotPassword@2df3b89c</td></tr>
<tr>
<td title='test.TC_001Resgistration.userRegistration()'><b>userRegistration</b><br>Test class: test.TC_001Resgistration<br>Parameters: SarimKhan, sarim432, sarim432, Sarim, sarim@kmail, invalid email format, Invalid email, Please enter correct email.</td>
<td></td>
<td>1</td>
<td>test.TC_001Resgistration@fa4c865</td></tr>
<tr>
<td title='test.TC_004ForgotPassword.ForgotpasswordTest()'><b>ForgotpasswordTest</b><br>Test class: test.TC_004ForgotPassword<br>Parameters: vihansankar@kmail.com, invalid email, Email Address does not exsit in database</td>
<td></td>
<td>9</td>
<td>test.TC_004ForgotPassword@2df3b89c</td></tr>
<tr>
<td title='test.TC_005SearchHotel.SeachHotelTest()'><b>SeachHotelTest</b><br>Test class: test.TC_005SearchHotel<br>Parameters: New York, Hotel Sunshine, Double, 3, 05-05-2025, 10-05-2025, 3, 3, valid  data, Select Hotel</td>
<td></td>
<td>4</td>
<td>test.TC_005SearchHotel@6c40365c</td></tr>
<tr>
<td title='test.TC_003Login.userRegistration()'><b>userRegistration</b><br>Test class: test.TC_003Login<br>Parameters: vihansankar, vihan123, valid name valid password, Welcome to Adactin Group of Hotels</td>
<td></td>
<td>0</td>
<td>test.TC_003Login@41a2befb</td></tr>
<tr>
<td title='test.TC_005SearchHotel.SeachHotelTest()'><b>SeachHotelTest</b><br>Test class: test.TC_005SearchHotel<br>Parameters: Brisbane, Hotel Cornice, Deluxe, 6, , 29-05-2025, 3, 2, Empty checkin field, Please Select Check-In Date</td>
<td></td>
<td>2</td>
<td>test.TC_005SearchHotel@6c40365c</td></tr>
<tr>
<td title='test.TC_006BookingHotel.booking()'><b>booking</b><br>Test class: test.TC_006BookingHotel<br>Parameters: divya, k, , 3876529846710960, VISA, September, 2030, 98, address field empty, Please Enter your Address</td>
<td></td>
<td>5</td>
<td>test.TC_006BookingHotel@7bedc48a</td></tr>
<tr>
<td title='test.TC_006BookingHotel.booking()'><b>booking</b><br>Test class: test.TC_006BookingHotel<br>Parameters: brindha, , trichy, 5678934265238950, Master Card, November, 2025, 345, Lastname field empty, Please Enter you Last Name</td>
<td></td>
<td>5</td>
<td>test.TC_006BookingHotel@7bedc48a</td></tr>
<tr>
<td title='test.TC_007BookItinerary.booking()'><b>booking</b><br>Test class: test.TC_007BookItinerary<br>Parameters: hetwik, josh, coimbatore, 1486450828942870, American Express, October, 2028, 876</td>
<td></td>
<td>78</td>
<td>test.TC_007BookItinerary@131ef10</td></tr>
<tr>
<td title='test.TC_001Resgistration.userRegistration()'><b>userRegistration</b><br>Test class: test.TC_001Resgistration<br>Parameters: , jana987, jana987, Janathan, janathan@kmail.com, Username field empty, Username is Empty</td>
<td></td>
<td>1</td>
<td>test.TC_001Resgistration@fa4c865</td></tr>
<tr>
<td title='test.TC_001Resgistration.userRegistration()'><b>userRegistration</b><br>Test class: test.TC_001Resgistration<br>Parameters: Umapathy65, uma123, uma123, , uma@kmail.com, Full name field is empty, Full Name is Empty</td>
<td></td>
<td>1</td>
<td>test.TC_001Resgistration@fa4c865</td></tr>
<tr>
<td title='test.TC_009Logout.LOGOUT_test()'><b>LOGOUT_test</b><br>Test class: test.TC_009Logout</td>
<td></td>
<td>1</td>
<td>test.TC_009Logout@38afe297</td></tr>
<tr>
<td title='test.TC_003Login.userRegistration()'><b>userRegistration</b><br>Test class: test.TC_003Login<br>Parameters: , vihan123, empty name field and valid password, Enter Username</td>
<td></td>
<td>0</td>
<td>test.TC_003Login@41a2befb</td></tr>
<tr>
<td title='test.TC_002ResetData.userRegistration()'><b>userRegistration</b><br>Test class: test.TC_002ResetData<br>Parameters: vinobhas, vino123, vino123, vinobha, vinobha@kmail.com</td>
<td></td>
<td>1</td>
<td>test.TC_002ResetData@77f1baf5</td></tr>
<tr>
<td title='test.TC_003Login.userRegistration()'><b>userRegistration</b><br>Test class: test.TC_003Login<br>Parameters: , , empty user and empty password field, Enter Username</td>
<td></td>
<td>0</td>
<td>test.TC_003Login@41a2befb</td></tr>
<tr>
<td title='test.TC_006BookingHotel.booking()'><b>booking</b><br>Test class: test.TC_006BookingHotel<br>Parameters: , , , , Other, July, 2028, , All field Empty, Please Enter your First Name</td>
<td></td>
<td>6</td>
<td>test.TC_006BookingHotel@7bedc48a</td></tr>
<tr>
<td title='test.TC_005SearchHotel.SeachHotelTest()'><b>SeachHotelTest</b><br>Test class: test.TC_005SearchHotel<br>Parameters: , Hotel Creek, Standard, 2, 20-05-2025, 26-05-2025, 2, 0, Empty location field, Please Select a Location</td>
<td></td>
<td>4</td>
<td>test.TC_005SearchHotel@6c40365c</td></tr>
<tr>
<td title='test.TC_005SearchHotel.SeachHotelTest()'><b>SeachHotelTest</b><br>Test class: test.TC_005SearchHotel<br>Parameters: Adelaide, , , 2, 34/05/2025, 38/05/2025, 3, 0, valid data, Select Hotel</td>
<td></td>
<td>3</td>
<td>test.TC_005SearchHotel@6c40365c</td></tr>
<tr>
<td title='test.TC_006BookingHotel.booking()'><b>booking</b><br>Test class: test.TC_006BookingHotel<br>Parameters: keshav, kesh, madurai, , Other, July, 2023, 9, creditcard field empty, Please Enter your 16 Digit Credit Card Number</td>
<td></td>
<td>4</td>
<td>test.TC_006BookingHotel@7bedc48a</td></tr>
</table><p>
</body>
</html>